Traceback (most recent call last):
  File "/home/runner/micromamba-root/envs/book/lib/python3.12/site-packages/jupyter_cache/executors/utils.py", line 58, in single_nb_execution
    executenb(
  File "/home/runner/micromamba-root/envs/book/lib/python3.12/site-packages/nbclient/client.py", line 1305, in execute
    return NotebookClient(nb=nb, resources=resources, km=km, **kwargs).execute()
           ^^^^^^^^^^^^^^^^^^^^^^^^^^^^^^^^^^^^^^^^^^^^^^^^^^^^^^^^^^^^^^^^^^^^^
  File "/home/runner/micromamba-root/envs/book/lib/python3.12/site-packages/jupyter_core/utils/__init__.py", line 173, in wrapped
    return loop.run_until_complete(inner)
           ^^^^^^^^^^^^^^^^^^^^^^^^^^^^^^
  File "/home/runner/micromamba-root/envs/book/lib/python3.12/asyncio/base_events.py", line 664, in run_until_complete
    return future.result()
           ^^^^^^^^^^^^^^^
  File "/home/runner/micromamba-root/envs/book/lib/python3.12/site-packages/nbclient/client.py", line 705, in async_execute
    await self.async_execute_cell(
  File "/home/runner/micromamba-root/envs/book/lib/python3.12/site-packages/nbclient/client.py", line 1058, in async_execute_cell
    await self._check_raise_for_error(cell, cell_index, exec_reply)
  File "/home/runner/micromamba-root/envs/book/lib/python3.12/site-packages/nbclient/client.py", line 914, in _check_raise_for_error
    raise CellExecutionError.from_cell_and_msg(cell, exec_reply_content)
nbclient.exceptions.CellExecutionError: An error occurred while executing the following cell:
------------------
data.max()
------------------


[0;31m---------------------------------------------------------------------------[0m
[0;31mTypeError[0m                                 Traceback (most recent call last)
Cell [0;32mIn[28], line 1[0m
[0;32m----> 1[0m [43mdata[49m[38;5;241;43m.[39;49m[43mmax[49m[43m([49m[43m)[49m

File [0;32m~/micromamba-root/envs/book/lib/python3.12/site-packages/pandas/core/frame.py:11298[0m, in [0;36mDataFrame.max[0;34m(self, axis, skipna, numeric_only, **kwargs)[0m
[1;32m  11290[0m [38;5;129m@doc[39m(make_doc([38;5;124m"[39m[38;5;124mmax[39m[38;5;124m"[39m, ndim[38;5;241m=[39m[38;5;241m2[39m))
[1;32m  11291[0m [38;5;28;01mdef[39;00m [38;5;21mmax[39m(
[1;32m  11292[0m     [38;5;28mself[39m,
[0;32m   (...)[0m
[1;32m  11296[0m     [38;5;241m*[39m[38;5;241m*[39mkwargs,
[1;32m  11297[0m ):
[0;32m> 11298[0m     result [38;5;241m=[39m [38;5;28;43msuper[39;49m[43m([49m[43m)[49m[38;5;241;43m.[39;49m[43mmax[49m[43m([49m[43maxis[49m[43m,[49m[43m [49m[43mskipna[49m[43m,[49m[43m [49m[43mnumeric_only[49m[43m,[49m[43m [49m[38;5;241;43m*[39;49m[38;5;241;43m*[39;49m[43mkwargs[49m[43m)[49m
[1;32m  11299[0m     [38;5;28;01mif[39;00m [38;5;28misinstance[39m(result, Series):
[1;32m  11300[0m         result [38;5;241m=[39m result[38;5;241m.[39m__finalize__([38;5;28mself[39m, method[38;5;241m=[39m[38;5;124m"[39m[38;5;124mmax[39m[38;5;124m"[39m)

File [0;32m~/micromamba-root/envs/book/lib/python3.12/site-packages/pandas/core/generic.py:11976[0m, in [0;36mNDFrame.max[0;34m(self, axis, skipna, numeric_only, **kwargs)[0m
[1;32m  11969[0m [38;5;28;01mdef[39;00m [38;5;21mmax[39m(
[1;32m  11970[0m     [38;5;28mself[39m,
[1;32m  11971[0m     axis: Axis [38;5;241m|[39m [38;5;28;01mNone[39;00m [38;5;241m=[39m [38;5;241m0[39m,
[0;32m   (...)[0m
[1;32m  11974[0m     [38;5;241m*[39m[38;5;241m*[39mkwargs,
[1;32m  11975[0m ):
[0;32m> 11976[0m     [38;5;28;01mreturn[39;00m [38;5;28;43mself[39;49m[38;5;241;43m.[39;49m[43m_stat_function[49m[43m([49m
[1;32m  11977[0m [43m        [49m[38;5;124;43m"[39;49m[38;5;124;43mmax[39;49m[38;5;124;43m"[39;49m[43m,[49m
[1;32m  11978[0m [43m        [49m[43mnanops[49m[38;5;241;43m.[39;49m[43mnanmax[49m[43m,[49m
[1;32m  11979[0m [43m        [49m[43maxis[49m[43m,[49m
[1;32m  11980[0m [43m        [49m[43mskipna[49m[43m,[49m
[1;32m  11981[0m [43m        [49m[43mnumeric_only[49m[43m,[49m
[1;32m  11982[0m [43m        [49m[38;5;241;43m*[39;49m[38;5;241;43m*[39;49m[43mkwargs[49m[43m,[49m
[1;32m  11983[0m [43m    [49m[43m)[49m

File [0;32m~/micromamba-root/envs/book/lib/python3.12/site-packages/pandas/core/generic.py:11949[0m, in [0;36mNDFrame._stat_function[0;34m(self, name, func, axis, skipna, numeric_only, **kwargs)[0m
[1;32m  11945[0m nv[38;5;241m.[39mvalidate_func(name, (), kwargs)
[1;32m  11947[0m validate_bool_kwarg(skipna, [38;5;124m"[39m[38;5;124mskipna[39m[38;5;124m"[39m, none_allowed[38;5;241m=[39m[38;5;28;01mFalse[39;00m)
[0;32m> 11949[0m [38;5;28;01mreturn[39;00m [38;5;28;43mself[39;49m[38;5;241;43m.[39;49m[43m_reduce[49m[43m([49m
[1;32m  11950[0m [43m    [49m[43mfunc[49m[43m,[49m[43m [49m[43mname[49m[38;5;241;43m=[39;49m[43mname[49m[43m,[49m[43m [49m[43maxis[49m[38;5;241;43m=[39;49m[43maxis[49m[43m,[49m[43m [49m[43mskipna[49m[38;5;241;43m=[39;49m[43mskipna[49m[43m,[49m[43m [49m[43mnumeric_only[49m[38;5;241;43m=[39;49m[43mnumeric_only[49m
[1;32m  11951[0m [43m[49m[43m)[49m

File [0;32m~/micromamba-root/envs/book/lib/python3.12/site-packages/pandas/core/frame.py:11204[0m, in [0;36mDataFrame._reduce[0;34m(self, op, name, axis, skipna, numeric_only, filter_type, **kwds)[0m
[1;32m  11200[0m     df [38;5;241m=[39m df[38;5;241m.[39mT
[1;32m  11202[0m [38;5;66;03m# After possibly _get_data and transposing, we are now in the[39;00m
[1;32m  11203[0m [38;5;66;03m#  simple case where we can use BlockManager.reduce[39;00m
[0;32m> 11204[0m res [38;5;241m=[39m [43mdf[49m[38;5;241;43m.[39;49m[43m_mgr[49m[38;5;241;43m.[39;49m[43mreduce[49m[43m([49m[43mblk_func[49m[43m)[49m
[1;32m  11205[0m out [38;5;241m=[39m df[38;5;241m.[39m_constructor_from_mgr(res, axes[38;5;241m=[39mres[38;5;241m.[39maxes)[38;5;241m.[39miloc[[38;5;241m0[39m]
[1;32m  11206[0m [38;5;28;01mif[39;00m out_dtype [38;5;129;01mis[39;00m [38;5;129;01mnot[39;00m [38;5;28;01mNone[39;00m [38;5;129;01mand[39;00m out[38;5;241m.[39mdtype [38;5;241m!=[39m [38;5;124m"[39m[38;5;124mboolean[39m[38;5;124m"[39m:

File [0;32m~/micromamba-root/envs/book/lib/python3.12/site-packages/pandas/core/internals/managers.py:1459[0m, in [0;36mBlockManager.reduce[0;34m(self, func)[0m
[1;32m   1457[0m res_blocks: [38;5;28mlist[39m[Block] [38;5;241m=[39m []
[1;32m   1458[0m [38;5;28;01mfor[39;00m blk [38;5;129;01min[39;00m [38;5;28mself[39m[38;5;241m.[39mblocks:
[0;32m-> 1459[0m     nbs [38;5;241m=[39m [43mblk[49m[38;5;241;43m.[39;49m[43mreduce[49m[43m([49m[43mfunc[49m[43m)[49m
[1;32m   1460[0m     res_blocks[38;5;241m.[39mextend(nbs)
[1;32m   1462[0m index [38;5;241m=[39m Index([[38;5;28;01mNone[39;00m])  [38;5;66;03m# placeholder[39;00m

File [0;32m~/micromamba-root/envs/book/lib/python3.12/site-packages/pandas/core/internals/blocks.py:377[0m, in [0;36mBlock.reduce[0;34m(self, func)[0m
[1;32m    371[0m [38;5;129m@final[39m
[1;32m    372[0m [38;5;28;01mdef[39;00m [38;5;21mreduce[39m([38;5;28mself[39m, func) [38;5;241m-[39m[38;5;241m>[39m [38;5;28mlist[39m[Block]:
[1;32m    373[0m     [38;5;66;03m# We will apply the function and reshape the result into a single-row[39;00m
[1;32m    374[0m     [38;5;66;03m#  Block with the same mgr_locs; squeezing will be done at a higher level[39;00m
[1;32m    375[0m     [38;5;28;01massert[39;00m [38;5;28mself[39m[38;5;241m.[39mndim [38;5;241m==[39m [38;5;241m2[39m
[0;32m--> 377[0m     result [38;5;241m=[39m [43mfunc[49m[43m([49m[38;5;28;43mself[39;49m[38;5;241;43m.[39;49m[43mvalues[49m[43m)[49m
[1;32m    379[0m     [38;5;28;01mif[39;00m [38;5;28mself[39m[38;5;241m.[39mvalues[38;5;241m.[39mndim [38;5;241m==[39m [38;5;241m1[39m:
[1;32m    380[0m         res_values [38;5;241m=[39m result

File [0;32m~/micromamba-root/envs/book/lib/python3.12/site-packages/pandas/core/frame.py:11136[0m, in [0;36mDataFrame._reduce.<locals>.blk_func[0;34m(values, axis)[0m
[1;32m  11134[0m         [38;5;28;01mreturn[39;00m np[38;5;241m.[39marray([result])
[1;32m  11135[0m [38;5;28;01melse[39;00m:
[0;32m> 11136[0m     [38;5;28;01mreturn[39;00m [43mop[49m[43m([49m[43mvalues[49m[43m,[49m[43m [49m[43maxis[49m[38;5;241;43m=[39;49m[43maxis[49m[43m,[49m[43m [49m[43mskipna[49m[38;5;241;43m=[39;49m[43mskipna[49m[43m,[49m[43m [49m[38;5;241;43m*[39;49m[38;5;241;43m*[39;49m[43mkwds[49m[43m)[49m

File [0;32m~/micromamba-root/envs/book/lib/python3.12/site-packages/pandas/core/nanops.py:147[0m, in [0;36mbottleneck_switch.__call__.<locals>.f[0;34m(values, axis, skipna, **kwds)[0m
[1;32m    145[0m         result [38;5;241m=[39m alt(values, axis[38;5;241m=[39maxis, skipna[38;5;241m=[39mskipna, [38;5;241m*[39m[38;5;241m*[39mkwds)
[1;32m    146[0m [38;5;28;01melse[39;00m:
[0;32m--> 147[0m     result [38;5;241m=[39m [43malt[49m[43m([49m[43mvalues[49m[43m,[49m[43m [49m[43maxis[49m[38;5;241;43m=[39;49m[43maxis[49m[43m,[49m[43m [49m[43mskipna[49m[38;5;241;43m=[39;49m[43mskipna[49m[43m,[49m[43m [49m[38;5;241;43m*[39;49m[38;5;241;43m*[39;49m[43mkwds[49m[43m)[49m
[1;32m    149[0m [38;5;28;01mreturn[39;00m result

File [0;32m~/micromamba-root/envs/book/lib/python3.12/site-packages/pandas/core/nanops.py:404[0m, in [0;36m_datetimelike_compat.<locals>.new_func[0;34m(values, axis, skipna, mask, **kwargs)[0m
[1;32m    401[0m [38;5;28;01mif[39;00m datetimelike [38;5;129;01mand[39;00m mask [38;5;129;01mis[39;00m [38;5;28;01mNone[39;00m:
[1;32m    402[0m     mask [38;5;241m=[39m isna(values)
[0;32m--> 404[0m result [38;5;241m=[39m [43mfunc[49m[43m([49m[43mvalues[49m[43m,[49m[43m [49m[43maxis[49m[38;5;241;43m=[39;49m[43maxis[49m[43m,[49m[43m [49m[43mskipna[49m[38;5;241;43m=[39;49m[43mskipna[49m[43m,[49m[43m [49m[43mmask[49m[38;5;241;43m=[39;49m[43mmask[49m[43m,[49m[43m [49m[38;5;241;43m*[39;49m[38;5;241;43m*[39;49m[43mkwargs[49m[43m)[49m
[1;32m    406[0m [38;5;28;01mif[39;00m datetimelike:
[1;32m    407[0m     result [38;5;241m=[39m _wrap_results(result, orig_values[38;5;241m.[39mdtype, fill_value[38;5;241m=[39miNaT)

File [0;32m~/micromamba-root/envs/book/lib/python3.12/site-packages/pandas/core/nanops.py:1092[0m, in [0;36m_nanminmax.<locals>.reduction[0;34m(values, axis, skipna, mask)[0m
[1;32m   1087[0m     [38;5;28;01mreturn[39;00m _na_for_min_count(values, axis)
[1;32m   1089[0m values, mask [38;5;241m=[39m _get_values(
[1;32m   1090[0m     values, skipna, fill_value_typ[38;5;241m=[39mfill_value_typ, mask[38;5;241m=[39mmask
[1;32m   1091[0m )
[0;32m-> 1092[0m result [38;5;241m=[39m [38;5;28;43mgetattr[39;49m[43m([49m[43mvalues[49m[43m,[49m[43m [49m[43mmeth[49m[43m)[49m[43m([49m[43maxis[49m[43m)[49m
[1;32m   1093[0m result [38;5;241m=[39m _maybe_null_out(result, axis, mask, values[38;5;241m.[39mshape)
[1;32m   1094[0m [38;5;28;01mreturn[39;00m result

File [0;32m~/micromamba-root/envs/book/lib/python3.12/site-packages/numpy/core/_methods.py:41[0m, in [0;36m_amax[0;34m(a, axis, out, keepdims, initial, where)[0m
[1;32m     39[0m [38;5;28;01mdef[39;00m [38;5;21m_amax[39m(a, axis[38;5;241m=[39m[38;5;28;01mNone[39;00m, out[38;5;241m=[39m[38;5;28;01mNone[39;00m, keepdims[38;5;241m=[39m[38;5;28;01mFalse[39;00m,
[1;32m     40[0m           initial[38;5;241m=[39m_NoValue, where[38;5;241m=[39m[38;5;28;01mTrue[39;00m):
[0;32m---> 41[0m     [38;5;28;01mreturn[39;00m [43mumr_maximum[49m[43m([49m[43ma[49m[43m,[49m[43m [49m[43maxis[49m[43m,[49m[43m [49m[38;5;28;43;01mNone[39;49;00m[43m,[49m[43m [49m[43mout[49m[43m,[49m[43m [49m[43mkeepdims[49m[43m,[49m[43m [49m[43minitial[49m[43m,[49m[43m [49m[43mwhere[49m[43m)[49m

[0;31mTypeError[0m: '>=' not supported between instances of 'str' and 'float'

